2019/10/22 12:57:31 [emerg] 8#8: host not found in upstream "administration." in /etc/nginx/sites-enabled/administration:32
2019/10/22 12:57:33 [emerg] 7#7: host not found in upstream "administration." in /etc/nginx/sites-enabled/administration:32
2019/10/22 12:57:36 [emerg] 7#7: host not found in upstream "administration." in /etc/nginx/sites-enabled/administration:32
2019/10/22 12:57:38 [emerg] 7#7: host not found in upstream "administration." in /etc/nginx/sites-enabled/administration:32
2019/10/22 12:57:41 [emerg] 7#7: host not found in upstream "administration." in /etc/nginx/sites-enabled/administration:32
2019/10/22 12:57:44 [emerg] 8#8: host not found in upstream "administration." in /etc/nginx/sites-enabled/administration:32
2019/10/22 12:57:49 [emerg] 9#9: host not found in upstream "administration." in /etc/nginx/sites-enabled/administration:32
2019/10/22 12:57:56 [emerg] 8#8: host not found in upstream "administration." in /etc/nginx/sites-enabled/administration:32
2019/10/22 12:58:11 [emerg] 7#7: host not found in upstream "administration." in /etc/nginx/sites-enabled/administration:32
2019/10/22 12:58:38 [emerg] 7#7: host not found in upstream "administration." in /etc/nginx/sites-enabled/administration:32
2019/10/22 12:59:31 [emerg] 8#8: host not found in upstream "administration." in /etc/nginx/sites-enabled/administration:32
2019/10/22 13:00:00 [emerg] 7#7: host not found in upstream "administration." in /etc/nginx/sites-enabled/administration:32
2019/10/22 13:00:02 [emerg] 8#8: host not found in upstream "administration." in /etc/nginx/sites-enabled/administration:32
2019/10/22 13:00:05 [emerg] 8#8: host not found in upstream "administration." in /etc/nginx/sites-enabled/administration:32
2019/10/22 13:00:07 [emerg] 7#7: host not found in upstream "administration." in /etc/nginx/sites-enabled/administration:32
2019/10/22 13:00:09 [emerg] 7#7: host not found in upstream "administration." in /etc/nginx/sites-enabled/administration:32
2019/10/22 13:00:12 [emerg] 8#8: host not found in upstream "administration." in /etc/nginx/sites-enabled/administration:32
2019/10/22 13:00:17 [emerg] 7#7: host not found in upstream "administration." in /etc/nginx/sites-enabled/administration:32
2019/10/22 13:00:25 [emerg] 7#7: host not found in upstream "administration." in /etc/nginx/sites-enabled/administration:32
2019/10/22 13:00:39 [emerg] 7#7: host not found in upstream "administration." in /etc/nginx/sites-enabled/administration:32
2019/10/22 13:01:06 [emerg] 8#8: host not found in upstream "administration." in /etc/nginx/sites-enabled/administration:32
2019/10/22 13:01:08 [emerg] 7#7: host not found in upstream "administration." in /etc/nginx/sites-enabled/administration:32
2019/10/22 13:01:10 [emerg] 7#7: host not found in upstream "administration." in /etc/nginx/sites-enabled/administration:32
2019/10/22 13:01:13 [emerg] 7#7: host not found in upstream "administration." in /etc/nginx/sites-enabled/administration:32
2019/10/22 13:01:15 [emerg] 7#7: host not found in upstream "administration." in /etc/nginx/sites-enabled/administration:32
2019/10/22 13:01:18 [emerg] 8#8: host not found in upstream "administration." in /etc/nginx/sites-enabled/administration:32
2019/10/22 13:01:23 [emerg] 8#8: host not found in upstream "administration." in /etc/nginx/sites-enabled/administration:32
2019/10/22 13:01:31 [emerg] 8#8: host not found in upstream "administration." in /etc/nginx/sites-enabled/administration:32
2019/10/22 13:01:46 [emerg] 8#8: host not found in upstream "administration." in /etc/nginx/sites-enabled/administration:32
2019/10/22 13:02:13 [emerg] 8#8: host not found in upstream "administration." in /etc/nginx/sites-enabled/administration:32
2019/10/22 13:02:15 [emerg] 7#7: host not found in upstream "administration." in /etc/nginx/sites-enabled/administration:32
2019/10/22 13:02:17 [emerg] 8#8: host not found in upstream "administration." in /etc/nginx/sites-enabled/administration:32
2019/10/22 13:02:20 [emerg] 8#8: host not found in upstream "administration." in /etc/nginx/sites-enabled/administration:32
2019/10/22 13:02:22 [emerg] 7#7: host not found in upstream "administration." in /etc/nginx/sites-enabled/administration:32
2019/10/22 13:02:25 [emerg] 7#7: host not found in upstream "administration." in /etc/nginx/sites-enabled/administration:32
2019/10/22 13:02:28 [emerg] 8#8: host not found in upstream "administration." in /etc/nginx/sites-enabled/administration:32
2019/10/22 13:02:33 [emerg] 7#7: host not found in upstream "administration." in /etc/nginx/sites-enabled/administration:32
2019/10/22 13:02:41 [emerg] 7#7: host not found in upstream "administration." in /etc/nginx/sites-enabled/administration:32
2019/10/22 13:02:55 [emerg] 7#7: host not found in upstream "administration." in /etc/nginx/sites-enabled/administration:32
2019/10/22 13:03:11 [emerg] 7#7: host not found in upstream "administration." in /etc/nginx/sites-enabled/administration:32
2019/10/22 13:03:13 [emerg] 7#7: host not found in upstream "administration." in /etc/nginx/sites-enabled/administration:32
2019/10/22 13:03:15 [emerg] 8#8: host not found in upstream "administration." in /etc/nginx/sites-enabled/administration:32
2019/10/22 13:03:18 [emerg] 8#8: host not found in upstream "administration." in /etc/nginx/sites-enabled/administration:32
2019/10/22 13:03:20 [emerg] 7#7: host not found in upstream "administration." in /etc/nginx/sites-enabled/administration:32
2019/10/22 13:03:23 [emerg] 7#7: host not found in upstream "administration." in /etc/nginx/sites-enabled/administration:32
2019/10/22 13:03:28 [emerg] 8#8: host not found in upstream "administration." in /etc/nginx/sites-enabled/administration:32
2019/10/22 13:03:36 [emerg] 7#7: host not found in upstream "administration." in /etc/nginx/sites-enabled/administration:32
2019/10/22 13:03:50 [emerg] 7#7: host not found in upstream "administration." in /etc/nginx/sites-enabled/administration:32
2019/10/22 13:03:52 [emerg] 8#8: host not found in upstream "administration." in /etc/nginx/sites-enabled/administration:32
2019/10/22 13:03:55 [emerg] 7#7: host not found in upstream "administration." in /etc/nginx/sites-enabled/administration:32
2019/10/22 13:03:57 [emerg] 7#7: host not found in upstream "administration." in /etc/nginx/sites-enabled/administration:32
2019/10/22 13:04:00 [emerg] 8#8: host not found in upstream "administration." in /etc/nginx/sites-enabled/administration:32
2019/10/22 13:04:02 [emerg] 7#7: host not found in upstream "administration." in /etc/nginx/sites-enabled/administration:32
2019/10/22 13:04:05 [emerg] 8#8: host not found in upstream "administration." in /etc/nginx/sites-enabled/administration:32
2019/10/22 13:04:10 [emerg] 8#8: host not found in upstream "administration." in /etc/nginx/sites-enabled/administration:32
2019/10/22 13:04:18 [emerg] 8#8: host not found in upstream "administration." in /etc/nginx/sites-enabled/administration:32
2019/10/22 13:04:32 [emerg] 8#8: host not found in upstream "administration." in /etc/nginx/sites-enabled/administration:32
2019/10/22 13:04:59 [emerg] 7#7: host not found in upstream "administration." in /etc/nginx/sites-enabled/administration:32
2019/10/22 13:05:52 [emerg] 7#7: host not found in upstream "administration." in /etc/nginx/sites-enabled/administration:32
2019/10/22 13:06:53 [emerg] 7#7: host not found in upstream "administration." in /etc/nginx/sites-enabled/administration:32
2019/10/22 13:07:55 [emerg] 8#8: host not found in upstream "administration." in /etc/nginx/sites-enabled/administration:32
2019/10/22 13:08:56 [emerg] 7#7: host not found in upstream "administration." in /etc/nginx/sites-enabled/administration:32
2019/10/22 13:09:58 [emerg] 8#8: host not found in upstream "administration." in /etc/nginx/sites-enabled/administration:32
2019/10/22 13:11:00 [emerg] 8#8: host not found in upstream "administration." in /etc/nginx/sites-enabled/administration:32
2019/10/22 13:12:01 [emerg] 7#7: host not found in upstream "administration." in /etc/nginx/sites-enabled/administration:32
2019/10/22 13:13:03 [emerg] 7#7: host not found in upstream "administration." in /etc/nginx/sites-enabled/administration:32
2019/10/22 13:14:04 [emerg] 8#8: host not found in upstream "administration." in /etc/nginx/sites-enabled/administration:32
2019/10/22 13:15:05 [emerg] 7#7: host not found in upstream "administration." in /etc/nginx/sites-enabled/administration:32
2019/10/22 13:16:07 [emerg] 7#7: host not found in upstream "administration." in /etc/nginx/sites-enabled/administration:32
2019/10/22 13:17:09 [emerg] 7#7: host not found in upstream "administration." in /etc/nginx/sites-enabled/administration:32
2019/10/22 13:18:10 [emerg] 7#7: host not found in upstream "administration." in /etc/nginx/sites-enabled/administration:32
2019/10/22 13:19:12 [emerg] 8#8: host not found in upstream "administration." in /etc/nginx/sites-enabled/administration:32
2019/10/22 13:20:13 [emerg] 7#7: host not found in upstream "administration." in /etc/nginx/sites-enabled/administration:32
2019/10/22 13:21:15 [emerg] 7#7: host not found in upstream "administration." in /etc/nginx/sites-enabled/administration:32
2019/10/22 13:22:16 [emerg] 8#8: host not found in upstream "administration." in /etc/nginx/sites-enabled/administration:32
2019/10/22 13:23:18 [emerg] 8#8: host not found in upstream "administration." in /etc/nginx/sites-enabled/administration:32
2019/10/22 13:24:19 [emerg] 7#7: host not found in upstream "administration." in /etc/nginx/sites-enabled/administration:32
2019/10/22 13:25:21 [emerg] 8#8: host not found in upstream "administration." in /etc/nginx/sites-enabled/administration:32
2019/10/22 13:26:22 [emerg] 8#8: host not found in upstream "administration." in /etc/nginx/sites-enabled/administration:32
2019/10/22 13:27:29 [emerg] 7#7: host not found in upstream "administration." in /etc/nginx/sites-enabled/administration:32
2019/10/22 13:28:30 [emerg] 8#8: host not found in upstream "administration." in /etc/nginx/sites-enabled/administration:32
2019/10/22 13:29:32 [emerg] 8#8: host not found in upstream "administration." in /etc/nginx/sites-enabled/administration:32
2019/10/22 13:30:33 [emerg] 8#8: host not found in upstream "administration." in /etc/nginx/sites-enabled/administration:32
2019/10/22 13:31:35 [emerg] 7#7: host not found in upstream "administration." in /etc/nginx/sites-enabled/administration:32
2019/10/22 13:32:36 [emerg] 8#8: host not found in upstream "administration." in /etc/nginx/sites-enabled/administration:32
2019/10/22 13:33:38 [emerg] 8#8: host not found in upstream "administration." in /etc/nginx/sites-enabled/administration:32
2019/10/22 13:34:40 [emerg] 8#8: host not found in upstream "administration." in /etc/nginx/sites-enabled/administration:32
2019/10/22 13:35:41 [emerg] 8#8: host not found in upstream "administration." in /etc/nginx/sites-enabled/administration:32
2019/10/22 13:36:43 [emerg] 7#7: host not found in upstream "administration." in /etc/nginx/sites-enabled/administration:32
2019/10/22 13:37:44 [emerg] 7#7: host not found in upstream "administration." in /etc/nginx/sites-enabled/administration:32
2019/10/22 13:38:46 [emerg] 8#8: host not found in upstream "administration." in /etc/nginx/sites-enabled/administration:32
2019/10/22 13:39:47 [emerg] 7#7: host not found in upstream "administration." in /etc/nginx/sites-enabled/administration:32
2019/10/22 13:40:49 [emerg] 8#8: host not found in upstream "administration." in /etc/nginx/sites-enabled/administration:32
2019/10/22 13:41:50 [emerg] 7#7: host not found in upstream "administration." in /etc/nginx/sites-enabled/administration:32
2019/10/22 13:42:52 [emerg] 8#8: host not found in upstream "administration." in /etc/nginx/sites-enabled/administration:32
2019/10/22 13:43:53 [emerg] 8#8: host not found in upstream "administration." in /etc/nginx/sites-enabled/administration:32
2019/10/22 13:44:55 [emerg] 8#8: host not found in upstream "administration." in /etc/nginx/sites-enabled/administration:32
2019/10/22 13:45:56 [emerg] 8#8: host not found in upstream "administration." in /etc/nginx/sites-enabled/administration:32
2019/10/22 13:46:58 [emerg] 7#7: host not found in upstream "administration." in /etc/nginx/sites-enabled/administration:32
2019/10/22 13:47:57 [emerg] 7#7: host not found in upstream "administration." in /etc/nginx/sites-enabled/administration:32
2019/10/22 13:47:59 [emerg] 8#8: host not found in upstream "administration." in /etc/nginx/sites-enabled/administration:32
2019/10/22 13:48:01 [emerg] 7#7: host not found in upstream "administration." in /etc/nginx/sites-enabled/administration:32
2019/10/22 13:48:04 [emerg] 7#7: host not found in upstream "administration." in /etc/nginx/sites-enabled/administration:32
2019/10/22 13:48:06 [emerg] 8#8: host not found in upstream "administration." in /etc/nginx/sites-enabled/administration:32
2019/10/22 13:48:09 [emerg] 8#8: host not found in upstream "administration." in /etc/nginx/sites-enabled/administration:32
2019/10/22 13:48:14 [emerg] 7#7: host not found in upstream "administration." in /etc/nginx/sites-enabled/administration:32
2019/10/22 13:48:22 [emerg] 8#8: host not found in upstream "administration." in /etc/nginx/sites-enabled/administration:32
2019/10/22 13:48:36 [emerg] 7#7: host not found in upstream "administration." in /etc/nginx/sites-enabled/administration:32
2019/10/22 13:49:03 [emerg] 8#8: host not found in upstream "administration." in /etc/nginx/sites-enabled/administration:32
2019/10/22 13:49:56 [emerg] 7#7: host not found in upstream "administration." in /etc/nginx/sites-enabled/administration:32
2019/10/22 13:50:58 [emerg] 8#8: host not found in upstream "administration." in /etc/nginx/sites-enabled/administration:32
2019/10/22 13:51:59 [emerg] 8#8: host not found in upstream "administration." in /etc/nginx/sites-enabled/administration:32
2019/10/22 13:53:01 [emerg] 7#7: host not found in upstream "administration." in /etc/nginx/sites-enabled/administration:32
2019/10/22 13:54:02 [emerg] 7#7: host not found in upstream "administration." in /etc/nginx/sites-enabled/administration:32
2019/10/22 13:55:04 [emerg] 7#7: host not found in upstream "administration." in /etc/nginx/sites-enabled/administration:32
2019/10/22 13:56:05 [emerg] 8#8: host not found in upstream "administration." in /etc/nginx/sites-enabled/administration:32
2019/10/22 13:57:07 [emerg] 7#7: host not found in upstream "administration." in /etc/nginx/sites-enabled/administration:32
2019/10/22 13:58:08 [emerg] 7#7: host not found in upstream "administration." in /etc/nginx/sites-enabled/administration:32
2019/10/22 13:59:10 [emerg] 7#7: host not found in upstream "administration." in /etc/nginx/sites-enabled/administration:32
2019/10/22 14:00:12 [emerg] 7#7: host not found in upstream "administration." in /etc/nginx/sites-enabled/administration:32
2019/10/22 14:01:13 [emerg] 8#8: host not found in upstream "administration." in /etc/nginx/sites-enabled/administration:32
2019/10/22 14:02:15 [emerg] 8#8: host not found in upstream "administration." in /etc/nginx/sites-enabled/administration:32
2019/10/22 14:03:16 [emerg] 8#8: host not found in upstream "administration." in /etc/nginx/sites-enabled/administration:32
2019/10/22 14:04:18 [emerg] 7#7: host not found in upstream "administration." in /etc/nginx/sites-enabled/administration:32
2019/10/22 14:05:19 [emerg] 7#7: host not found in upstream "administration." in /etc/nginx/sites-enabled/administration:32
2019/10/22 14:06:21 [emerg] 8#8: host not found in upstream "administration." in /etc/nginx/sites-enabled/administration:32
2019/10/22 14:07:22 [emerg] 7#7: host not found in upstream "administration." in /etc/nginx/sites-enabled/administration:32
2019/10/22 14:08:24 [emerg] 7#7: host not found in upstream "administration." in /etc/nginx/sites-enabled/administration:32
2019/10/22 14:09:25 [emerg] 8#8: host not found in upstream "administration." in /etc/nginx/sites-enabled/administration:32
2019/10/22 14:10:27 [emerg] 7#7: host not found in upstream "administration." in /etc/nginx/sites-enabled/administration:32
2019/10/22 14:11:28 [emerg] 7#7: host not found in upstream "administration." in /etc/nginx/sites-enabled/administration:32
2019/10/22 14:12:30 [emerg] 7#7: host not found in upstream "administration." in /etc/nginx/sites-enabled/administration:32
2019/10/22 14:13:06 [emerg] 7#7: host not found in upstream "administration." in /etc/nginx/sites-enabled/administration:32
2019/10/22 14:13:08 [emerg] 7#7: host not found in upstream "administration." in /etc/nginx/sites-enabled/administration:32
2019/10/22 14:13:11 [emerg] 8#8: host not found in upstream "administration." in /etc/nginx/sites-enabled/administration:32
2019/10/22 14:13:14 [emerg] 7#7: host not found in upstream "administration." in /etc/nginx/sites-enabled/administration:32
2019/10/22 14:13:16 [emerg] 7#7: host not found in upstream "administration." in /etc/nginx/sites-enabled/administration:32
2019/10/22 14:13:19 [emerg] 7#7: host not found in upstream "administration." in /etc/nginx/sites-enabled/administration:32
2019/10/22 14:13:24 [emerg] 8#8: host not found in upstream "administration." in /etc/nginx/sites-enabled/administration:32
2019/10/22 14:13:32 [emerg] 7#7: host not found in upstream "administration." in /etc/nginx/sites-enabled/administration:32
2019/10/22 14:13:46 [emerg] 7#7: host not found in upstream "administration." in /etc/nginx/sites-enabled/administration:32
2019/10/22 14:14:13 [emerg] 7#7: host not found in upstream "administration." in /etc/nginx/sites-enabled/administration:32
2019/10/22 14:15:06 [emerg] 8#8: host not found in upstream "administration." in /etc/nginx/sites-enabled/administration:32
2019/10/22 14:16:10 [emerg] 7#7: host not found in upstream "administration." in /etc/nginx/sites-enabled/administration:32
2019/10/22 14:17:12 [emerg] 7#7: host not found in upstream "administration." in /etc/nginx/sites-enabled/administration:32
2019/10/22 14:18:13 [emerg] 7#7: host not found in upstream "administration." in /etc/nginx/sites-enabled/administration:32
2019/10/22 14:19:15 [emerg] 8#8: host not found in upstream "administration." in /etc/nginx/sites-enabled/administration:32
2019/10/22 14:20:16 [emerg] 8#8: host not found in upstream "administration." in /etc/nginx/sites-enabled/administration:32
2019/10/22 14:21:17 [emerg] 7#7: host not found in upstream "administration." in /etc/nginx/sites-enabled/administration:32
2019/10/22 14:22:19 [emerg] 7#7: host not found in upstream "administration." in /etc/nginx/sites-enabled/administration:32
2019/10/22 14:23:20 [emerg] 8#8: cannot load certificate "/etc/letsencrypt/live/administration.softuniorg.tk/fullchain.pem": BIO_new_file() failed (SSL: error:02001002:system library:fopen:No such file or directory:fopen('/etc/letsencrypt/live/administration.softuniorg.tk/fullchain.pem','r') error:2006D080:BIO routines:BIO_new_file:no such file)
2019/10/22 14:23:35 [emerg] 8#8: cannot load certificate "/etc/letsencrypt/live/administration.softuniorg.tk/fullchain.pem": BIO_new_file() failed (SSL: error:02001002:system library:fopen:No such file or directory:fopen('/etc/letsencrypt/live/administration.softuniorg.tk/fullchain.pem','r') error:2006D080:BIO routines:BIO_new_file:no such file)
2019/10/22 14:23:37 [emerg] 8#8: cannot load certificate "/etc/letsencrypt/live/administration.softuniorg.tk/fullchain.pem": BIO_new_file() failed (SSL: error:02001002:system library:fopen:No such file or directory:fopen('/etc/letsencrypt/live/administration.softuniorg.tk/fullchain.pem','r') error:2006D080:BIO routines:BIO_new_file:no such file)
2019/10/22 14:23:39 [emerg] 8#8: cannot load certificate "/etc/letsencrypt/live/administration.softuniorg.tk/fullchain.pem": BIO_new_file() failed (SSL: error:02001002:system library:fopen:No such file or directory:fopen('/etc/letsencrypt/live/administration.softuniorg.tk/fullchain.pem','r') error:2006D080:BIO routines:BIO_new_file:no such file)
2019/10/22 14:23:42 [emerg] 7#7: cannot load certificate "/etc/letsencrypt/live/administration.softuniorg.tk/fullchain.pem": BIO_new_file() failed (SSL: error:02001002:system library:fopen:No such file or directory:fopen('/etc/letsencrypt/live/administration.softuniorg.tk/fullchain.pem','r') error:2006D080:BIO routines:BIO_new_file:no such file)
2019/10/22 14:23:44 [emerg] 7#7: cannot load certificate "/etc/letsencrypt/live/administration.softuniorg.tk/fullchain.pem": BIO_new_file() failed (SSL: error:02001002:system library:fopen:No such file or directory:fopen('/etc/letsencrypt/live/administration.softuniorg.tk/fullchain.pem','r') error:2006D080:BIO routines:BIO_new_file:no such file)
2019/10/22 14:23:47 [emerg] 7#7: cannot load certificate "/etc/letsencrypt/live/administration.softuniorg.tk/fullchain.pem": BIO_new_file() failed (SSL: error:02001002:system library:fopen:No such file or directory:fopen('/etc/letsencrypt/live/administration.softuniorg.tk/fullchain.pem','r') error:2006D080:BIO routines:BIO_new_file:no such file)
2019/10/22 14:23:52 [emerg] 8#8: cannot load certificate "/etc/letsencrypt/live/administration.softuniorg.tk/fullchain.pem": BIO_new_file() failed (SSL: error:02001002:system library:fopen:No such file or directory:fopen('/etc/letsencrypt/live/administration.softuniorg.tk/fullchain.pem','r') error:2006D080:BIO routines:BIO_new_file:no such file)
2019/10/22 14:24:00 [emerg] 7#7: cannot load certificate "/etc/letsencrypt/live/administration.softuniorg.tk/fullchain.pem": BIO_new_file() failed (SSL: error:02001002:system library:fopen:No such file or directory:fopen('/etc/letsencrypt/live/administration.softuniorg.tk/fullchain.pem','r') error:2006D080:BIO routines:BIO_new_file:no such file)
2019/10/22 14:24:14 [emerg] 7#7: cannot load certificate "/etc/letsencrypt/live/administration.softuniorg.tk/fullchain.pem": BIO_new_file() failed (SSL: error:02001002:system library:fopen:No such file or directory:fopen('/etc/letsencrypt/live/administration.softuniorg.tk/fullchain.pem','r') error:2006D080:BIO routines:BIO_new_file:no such file)
2019/10/22 14:24:41 [emerg] 7#7: cannot load certificate "/etc/letsencrypt/live/admin.softuniorg.tk/fullchain.pem": BIO_new_file() failed (SSL: error:02001002:system library:fopen:No such file or directory:fopen('/etc/letsencrypt/live/admin.softuniorg.tk/fullchain.pem','r') error:2006D080:BIO routines:BIO_new_file:no such file)
2019/10/22 14:25:34 [emerg] 7#7: cannot load certificate "/etc/letsencrypt/live/admin.softuniorg.tk/fullchain.pem": BIO_new_file() failed (SSL: error:02001002:system library:fopen:No such file or directory:fopen('/etc/letsencrypt/live/admin.softuniorg.tk/fullchain.pem','r') error:2006D080:BIO routines:BIO_new_file:no such file)
2019/10/22 14:25:43 [emerg] 8#8: cannot load certificate "/etc/letsencrypt/live/admin.softuniorg.tk/fullchain.pem": BIO_new_file() failed (SSL: error:02001002:system library:fopen:No such file or directory:fopen('/etc/letsencrypt/live/admin.softuniorg.tk/fullchain.pem','r') error:2006D080:BIO routines:BIO_new_file:no such file)
2019/10/22 14:25:45 [emerg] 7#7: cannot load certificate "/etc/letsencrypt/live/admin.softuniorg.tk/fullchain.pem": BIO_new_file() failed (SSL: error:02001002:system library:fopen:No such file or directory:fopen('/etc/letsencrypt/live/admin.softuniorg.tk/fullchain.pem','r') error:2006D080:BIO routines:BIO_new_file:no such file)
2019/10/22 14:25:46 [emerg] 7#7: cannot load certificate "/etc/letsencrypt/live/admin.softuniorg.tk/fullchain.pem": BIO_new_file() failed (SSL: error:02001002:system library:fopen:No such file or directory:fopen('/etc/letsencrypt/live/admin.softuniorg.tk/fullchain.pem','r') error:2006D080:BIO routines:BIO_new_file:no such file)
2019/10/22 14:25:49 [emerg] 8#8: cannot load certificate "/etc/letsencrypt/live/admin.softuniorg.tk/fullchain.pem": BIO_new_file() failed (SSL: error:02001002:system library:fopen:No such file or directory:fopen('/etc/letsencrypt/live/admin.softuniorg.tk/fullchain.pem','r') error:2006D080:BIO routines:BIO_new_file:no such file)
2019/10/22 14:25:53 [emerg] 7#7: cannot load certificate "/etc/letsencrypt/live/admin.softuniorg.tk/fullchain.pem": BIO_new_file() failed (SSL: error:02001002:system library:fopen:No such file or directory:fopen('/etc/letsencrypt/live/admin.softuniorg.tk/fullchain.pem','r') error:2006D080:BIO routines:BIO_new_file:no such file)
2019/10/22 14:25:56 [emerg] 8#8: cannot load certificate "/etc/letsencrypt/live/admin.softuniorg.tk/fullchain.pem": BIO_new_file() failed (SSL: error:02001002:system library:fopen:No such file or directory:fopen('/etc/letsencrypt/live/admin.softuniorg.tk/fullchain.pem','r') error:2006D080:BIO routines:BIO_new_file:no such file)
2019/10/22 14:26:00 [emerg] 8#8: cannot load certificate "/etc/letsencrypt/live/admin.softuniorg.tk/fullchain.pem": BIO_new_file() failed (SSL: error:02001002:system library:fopen:No such file or directory:fopen('/etc/letsencrypt/live/admin.softuniorg.tk/fullchain.pem','r') error:2006D080:BIO routines:BIO_new_file:no such file)
2019/10/22 14:26:08 [emerg] 7#7: cannot load certificate "/etc/letsencrypt/live/admin.softuniorg.tk/fullchain.pem": BIO_new_file() failed (SSL: error:02001002:system library:fopen:No such file or directory:fopen('/etc/letsencrypt/live/admin.softuniorg.tk/fullchain.pem','r') error:2006D080:BIO routines:BIO_new_file:no such file)
2019/10/22 14:26:23 [emerg] 7#7: cannot load certificate "/etc/letsencrypt/live/admin.softuniorg.tk/fullchain.pem": BIO_new_file() failed (SSL: error:02001002:system library:fopen:No such file or directory:fopen('/etc/letsencrypt/live/admin.softuniorg.tk/fullchain.pem','r') error:2006D080:BIO routines:BIO_new_file:no such file)
2019/10/22 14:26:50 [emerg] 7#7: cannot load certificate "/etc/letsencrypt/live/admin.softuniorg.tk/fullchain.pem": BIO_new_file() failed (SSL: error:02001002:system library:fopen:No such file or directory:fopen('/etc/letsencrypt/live/admin.softuniorg.tk/fullchain.pem','r') error:2006D080:BIO routines:BIO_new_file:no such file)
2019/10/22 14:27:42 [emerg] 7#7: cannot load certificate "/etc/letsencrypt/live/admin.softuniorg.tk/fullchain.pem": BIO_new_file() failed (SSL: error:02001002:system library:fopen:No such file or directory:fopen('/etc/letsencrypt/live/admin.softuniorg.tk/fullchain.pem','r') error:2006D080:BIO routines:BIO_new_file:no such file)
2019/10/22 14:28:44 [emerg] 8#8: cannot load certificate "/etc/letsencrypt/live/admin.softuniorg.tk/fullchain.pem": BIO_new_file() failed (SSL: error:02001002:system library:fopen:No such file or directory:fopen('/etc/letsencrypt/live/admin.softuniorg.tk/fullchain.pem','r') error:2006D080:BIO routines:BIO_new_file:no such file)
2019/10/22 14:29:45 [emerg] 7#7: cannot load certificate "/etc/letsencrypt/live/admin.softuniorg.tk/fullchain.pem": BIO_new_file() failed (SSL: error:02001002:system library:fopen:No such file or directory:fopen('/etc/letsencrypt/live/admin.softuniorg.tk/fullchain.pem','r') error:2006D080:BIO routines:BIO_new_file:no such file)
2019/10/22 14:30:46 [emerg] 7#7: cannot load certificate "/etc/letsencrypt/live/admin.softuniorg.tk/fullchain.pem": BIO_new_file() failed (SSL: error:02001002:system library:fopen:No such file or directory:fopen('/etc/letsencrypt/live/admin.softuniorg.tk/fullchain.pem','r') error:2006D080:BIO routines:BIO_new_file:no such file)
2019/10/22 14:30:48 [emerg] 7#7: cannot load certificate "/etc/letsencrypt/live/admin.softuniorg.tk/fullchain.pem": BIO_new_file() failed (SSL: error:02001002:system library:fopen:No such file or directory:fopen('/etc/letsencrypt/live/admin.softuniorg.tk/fullchain.pem','r') error:2006D080:BIO routines:BIO_new_file:no such file)
2019/10/22 14:30:50 [emerg] 7#7: cannot load certificate "/etc/letsencrypt/live/admin.softuniorg.tk/fullchain.pem": BIO_new_file() failed (SSL: error:02001002:system library:fopen:No such file or directory:fopen('/etc/letsencrypt/live/admin.softuniorg.tk/fullchain.pem','r') error:2006D080:BIO routines:BIO_new_file:no such file)
2019/10/22 14:30:53 [emerg] 7#7: cannot load certificate "/etc/letsencrypt/live/admin.softuniorg.tk/fullchain.pem": BIO_new_file() failed (SSL: error:02001002:system library:fopen:No such file or directory:fopen('/etc/letsencrypt/live/admin.softuniorg.tk/fullchain.pem','r') error:2006D080:BIO routines:BIO_new_file:no such file)
2019/10/22 14:30:55 [emerg] 7#7: cannot load certificate "/etc/letsencrypt/live/admin.softuniorg.tk/fullchain.pem": BIO_new_file() failed (SSL: error:02001002:system library:fopen:No such file or directory:fopen('/etc/letsencrypt/live/admin.softuniorg.tk/fullchain.pem','r') error:2006D080:BIO routines:BIO_new_file:no such file)
2019/10/22 14:30:58 [emerg] 7#7: cannot load certificate "/etc/letsencrypt/live/admin.softuniorg.tk/fullchain.pem": BIO_new_file() failed (SSL: error:02001002:system library:fopen:No such file or directory:fopen('/etc/letsencrypt/live/admin.softuniorg.tk/fullchain.pem','r') error:2006D080:BIO routines:BIO_new_file:no such file)
2019/10/22 14:31:03 [emerg] 7#7: cannot load certificate "/etc/letsencrypt/live/admin.softuniorg.tk/fullchain.pem": BIO_new_file() failed (SSL: error:02001002:system library:fopen:No such file or directory:fopen('/etc/letsencrypt/live/admin.softuniorg.tk/fullchain.pem','r') error:2006D080:BIO routines:BIO_new_file:no such file)
2019/10/22 14:31:11 [emerg] 7#7: cannot load certificate "/etc/letsencrypt/live/admin.softuniorg.tk/fullchain.pem": BIO_new_file() failed (SSL: error:02001002:system library:fopen:No such file or directory:fopen('/etc/letsencrypt/live/admin.softuniorg.tk/fullchain.pem','r') error:2006D080:BIO routines:BIO_new_file:no such file)
2019/10/22 14:31:25 [emerg] 7#7: cannot load certificate "/etc/letsencrypt/live/admin.softuniorg.tk/fullchain.pem": BIO_new_file() failed (SSL: error:02001002:system library:fopen:No such file or directory:fopen('/etc/letsencrypt/live/admin.softuniorg.tk/fullchain.pem','r') error:2006D080:BIO routines:BIO_new_file:no such file)
2019/10/22 14:31:52 [emerg] 8#8: cannot load certificate "/etc/letsencrypt/live/admin.softuniorg.tk/fullchain.pem": BIO_new_file() failed (SSL: error:02001002:system library:fopen:No such file or directory:fopen('/etc/letsencrypt/live/admin.softuniorg.tk/fullchain.pem','r') error:2006D080:BIO routines:BIO_new_file:no such file)
2019/10/22 14:31:56 [emerg] 8#8: cannot load certificate "/etc/letsencrypt/live/admin.softuniorg.tk/fullchain.pem": BIO_new_file() failed (SSL: error:02001002:system library:fopen:No such file or directory:fopen('/etc/letsencrypt/live/admin.softuniorg.tk/fullchain.pem','r') error:2006D080:BIO routines:BIO_new_file:no such file)
2019/10/22 14:31:58 [emerg] 7#7: cannot load certificate "/etc/letsencrypt/live/admin.softuniorg.tk/fullchain.pem": BIO_new_file() failed (SSL: error:02001002:system library:fopen:No such file or directory:fopen('/etc/letsencrypt/live/admin.softuniorg.tk/fullchain.pem','r') error:2006D080:BIO routines:BIO_new_file:no such file)
2019/10/22 14:32:01 [emerg] 7#7: cannot load certificate "/etc/letsencrypt/live/admin.softuniorg.tk/fullchain.pem": BIO_new_file() failed (SSL: error:02001002:system library:fopen:No such file or directory:fopen('/etc/letsencrypt/live/admin.softuniorg.tk/fullchain.pem','r') error:2006D080:BIO routines:BIO_new_file:no such file)
2019/10/22 14:32:04 [emerg] 7#7: cannot load certificate "/etc/letsencrypt/live/admin.softuniorg.tk/fullchain.pem": BIO_new_file() failed (SSL: error:02001002:system library:fopen:No such file or directory:fopen('/etc/letsencrypt/live/admin.softuniorg.tk/fullchain.pem','r') error:2006D080:BIO routines:BIO_new_file:no such file)
2019/10/22 14:32:06 [emerg] 7#7: cannot load certificate "/etc/letsencrypt/live/admin.softuniorg.tk/fullchain.pem": BIO_new_file() failed (SSL: error:02001002:system library:fopen:No such file or directory:fopen('/etc/letsencrypt/live/admin.softuniorg.tk/fullchain.pem','r') error:2006D080:BIO routines:BIO_new_file:no such file)
2019/10/22 14:32:09 [emerg] 7#7: cannot load certificate "/etc/letsencrypt/live/admin.softuniorg.tk/fullchain.pem": BIO_new_file() failed (SSL: error:02001002:system library:fopen:No such file or directory:fopen('/etc/letsencrypt/live/admin.softuniorg.tk/fullchain.pem','r') error:2006D080:BIO routines:BIO_new_file:no such file)
2019/10/22 14:32:14 [emerg] 8#8: cannot load certificate "/etc/letsencrypt/live/admin.softuniorg.tk/fullchain.pem": BIO_new_file() failed (SSL: error:02001002:system library:fopen:No such file or directory:fopen('/etc/letsencrypt/live/admin.softuniorg.tk/fullchain.pem','r') error:2006D080:BIO routines:BIO_new_file:no such file)
2019/10/22 14:32:22 [emerg] 8#8: cannot load certificate "/etc/letsencrypt/live/admin.softuniorg.tk/fullchain.pem": BIO_new_file() failed (SSL: error:02001002:system library:fopen:No such file or directory:fopen('/etc/letsencrypt/live/admin.softuniorg.tk/fullchain.pem','r') error:2006D080:BIO routines:BIO_new_file:no such file)
2019/10/22 14:36:16 [emerg] 7#7: cannot load certificate "/etc/letsencrypt/live/auth.softuniorg.tk/fullchain.pem": BIO_new_file() failed (SSL: error:02001002:system library:fopen:No such file or directory:fopen('/etc/letsencrypt/live/auth.softuniorg.tk/fullchain.pem','r') error:2006D080:BIO routines:BIO_new_file:no such file)
2019/10/22 14:36:18 [emerg] 8#8: cannot load certificate "/etc/letsencrypt/live/auth.softuniorg.tk/fullchain.pem": BIO_new_file() failed (SSL: error:02001002:system library:fopen:No such file or directory:fopen('/etc/letsencrypt/live/auth.softuniorg.tk/fullchain.pem','r') error:2006D080:BIO routines:BIO_new_file:no such file)
2019/10/22 14:36:21 [emerg] 7#7: cannot load certificate "/etc/letsencrypt/live/auth.softuniorg.tk/fullchain.pem": BIO_new_file() failed (SSL: error:02001002:system library:fopen:No such file or directory:fopen('/etc/letsencrypt/live/auth.softuniorg.tk/fullchain.pem','r') error:2006D080:BIO routines:BIO_new_file:no such file)
2019/10/22 14:36:23 [emerg] 8#8: cannot load certificate "/etc/letsencrypt/live/auth.softuniorg.tk/fullchain.pem": BIO_new_file() failed (SSL: error:02001002:system library:fopen:No such file or directory:fopen('/etc/letsencrypt/live/auth.softuniorg.tk/fullchain.pem','r') error:2006D080:BIO routines:BIO_new_file:no such file)
2019/10/22 14:36:26 [emerg] 7#7: cannot load certificate "/etc/letsencrypt/live/auth.softuniorg.tk/fullchain.pem": BIO_new_file() failed (SSL: error:02001002:system library:fopen:No such file or directory:fopen('/etc/letsencrypt/live/auth.softuniorg.tk/fullchain.pem','r') error:2006D080:BIO routines:BIO_new_file:no such file)
2019/10/22 14:36:29 [emerg] 8#8: cannot load certificate "/etc/letsencrypt/live/auth.softuniorg.tk/fullchain.pem": BIO_new_file() failed (SSL: error:02001002:system library:fopen:No such file or directory:fopen('/etc/letsencrypt/live/auth.softuniorg.tk/fullchain.pem','r') error:2006D080:BIO routines:BIO_new_file:no such file)
2019/10/22 14:36:34 [emerg] 7#7: cannot load certificate "/etc/letsencrypt/live/auth.softuniorg.tk/fullchain.pem": BIO_new_file() failed (SSL: error:02001002:system library:fopen:No such file or directory:fopen('/etc/letsencrypt/live/auth.softuniorg.tk/fullchain.pem','r') error:2006D080:BIO routines:BIO_new_file:no such file)
2019/10/22 14:36:42 [emerg] 8#8: cannot load certificate "/etc/letsencrypt/live/auth.softuniorg.tk/fullchain.pem": BIO_new_file() failed (SSL: error:02001002:system library:fopen:No such file or directory:fopen('/etc/letsencrypt/live/auth.softuniorg.tk/fullchain.pem','r') error:2006D080:BIO routines:BIO_new_file:no such file)
2019/10/22 14:36:56 [emerg] 7#7: cannot load certificate "/etc/letsencrypt/live/auth.softuniorg.tk/fullchain.pem": BIO_new_file() failed (SSL: error:02001002:system library:fopen:No such file or directory:fopen('/etc/letsencrypt/live/auth.softuniorg.tk/fullchain.pem','r') error:2006D080:BIO routines:BIO_new_file:no such file)
2019/10/22 14:37:05 [emerg] 7#7: cannot load certificate "/etc/letsencrypt/live/auth.softuniorg.tk/fullchain.pem": BIO_new_file() failed (SSL: error:02001002:system library:fopen:No such file or directory:fopen('/etc/letsencrypt/live/auth.softuniorg.tk/fullchain.pem','r') error:2006D080:BIO routines:BIO_new_file:no such file)
2019/10/22 14:37:07 [emerg] 7#7: cannot load certificate "/etc/letsencrypt/live/auth.softuniorg.tk/fullchain.pem": BIO_new_file() failed (SSL: error:02001002:system library:fopen:No such file or directory:fopen('/etc/letsencrypt/live/auth.softuniorg.tk/fullchain.pem','r') error:2006D080:BIO routines:BIO_new_file:no such file)
2019/10/22 14:37:09 [emerg] 8#8: cannot load certificate "/etc/letsencrypt/live/auth.softuniorg.tk/fullchain.pem": BIO_new_file() failed (SSL: error:02001002:system library:fopen:No such file or directory:fopen('/etc/letsencrypt/live/auth.softuniorg.tk/fullchain.pem','r') error:2006D080:BIO routines:BIO_new_file:no such file)
2019/10/22 14:37:12 [emerg] 8#8: cannot load certificate "/etc/letsencrypt/live/auth.softuniorg.tk/fullchain.pem": BIO_new_file() failed (SSL: error:02001002:system library:fopen:No such file or directory:fopen('/etc/letsencrypt/live/auth.softuniorg.tk/fullchain.pem','r') error:2006D080:BIO routines:BIO_new_file:no such file)
2019/10/22 14:37:14 [emerg] 7#7: cannot load certificate "/etc/letsencrypt/live/auth.softuniorg.tk/fullchain.pem": BIO_new_file() failed (SSL: error:02001002:system library:fopen:No such file or directory:fopen('/etc/letsencrypt/live/auth.softuniorg.tk/fullchain.pem','r') error:2006D080:BIO routines:BIO_new_file:no such file)
2019/10/22 14:37:17 [emerg] 7#7: cannot load certificate "/etc/letsencrypt/live/auth.softuniorg.tk/fullchain.pem": BIO_new_file() failed (SSL: error:02001002:system library:fopen:No such file or directory:fopen('/etc/letsencrypt/live/auth.softuniorg.tk/fullchain.pem','r') error:2006D080:BIO routines:BIO_new_file:no such file)
2019/10/22 14:37:22 [emerg] 7#7: cannot load certificate "/etc/letsencrypt/live/auth.softuniorg.tk/fullchain.pem": BIO_new_file() failed (SSL: error:02001002:system library:fopen:No such file or directory:fopen('/etc/letsencrypt/live/auth.softuniorg.tk/fullchain.pem','r') error:2006D080:BIO routines:BIO_new_file:no such file)
2019/10/22 14:37:30 [emerg] 8#8: cannot load certificate "/etc/letsencrypt/live/auth.softuniorg.tk/fullchain.pem": BIO_new_file() failed (SSL: error:02001002:system library:fopen:No such file or directory:fopen('/etc/letsencrypt/live/auth.softuniorg.tk/fullchain.pem','r') error:2006D080:BIO routines:BIO_new_file:no such file)
2019/10/22 14:37:50 [emerg] 10#10: cannot load certificate "/etc/letsencrypt/live/softuniorg.tk/fullchain.pem": BIO_new_file() failed (SSL: error:02001002:system library:fopen:No such file or directory:fopen('/etc/letsencrypt/live/softuniorg.tk/fullchain.pem','r') error:2006D080:BIO routines:BIO_new_file:no such file)
2019/10/22 14:39:04 [notice] 10#10: signal process started
2019/10/22 14:40:47 [emerg] 10#10: cannot load certificate "/etc/letsencrypt/live/auth.softuniorg.tk/fullchain.pem": BIO_new_file() failed (SSL: error:02001002:system library:fopen:No such file or directory:fopen('/etc/letsencrypt/live/auth.softuniorg.tk/fullchain.pem','r') error:2006D080:BIO routines:BIO_new_file:no such file)
2019/10/22 14:41:29 [notice] 10#10: signal process started
2019/10/22 20:41:14 [notice] 16#16: signal process started
2019/10/23 02:41:14 [notice] 19#19: signal process started
